<?xml version="1.0" encoding="UTF-8"?>
<!-- Generated by org.testng.reporters.JUnitXMLReporter -->
<testsuite hostname="DESKTOP-1MHC21O" ignored="0" name="Default test" tests="2" failures="0" timestamp="2022-05-21T23:49:46 IST" time="45.702" errors="0">
  <testcase name="runScenario" time="23.992" classname="io.cucumber.testng.AbstractTestNGCucumberTests"/>
  <testcase name="runScenario" time="21.442" classname="io.cucumber.testng.AbstractTestNGCucumberTests"/>
</testsuite> <!-- Default test -->
